0 info it worked if it ends with ok
1 verbose cli [ '/home/ubuntu/.nvm/v0.10.35/bin/node',
1 verbose cli   '/home/ubuntu/.nvm/v0.10.35/bin/npm',
1 verbose cli   'publish',
1 verbose cli   './' ]
2 info using npm@1.4.28
3 info using node@v0.10.35
4 verbose publish [ './' ]
5 verbose cache add [ './', null ]
6 verbose cache add name=undefined spec="./" args=["./",null]
7 verbose parsed url { protocol: null,
7 verbose parsed url   slashes: null,
7 verbose parsed url   auth: null,
7 verbose parsed url   host: null,
7 verbose parsed url   port: null,
7 verbose parsed url   hostname: null,
7 verbose parsed url   hash: null,
7 verbose parsed url   search: null,
7 verbose parsed url   query: null,
7 verbose parsed url   pathname: './',
7 verbose parsed url   path: './',
7 verbose parsed url   href: './' }
8 silly lockFile 0ee6c175- ./
9 verbose lock ./ /home/ubuntu/.npm/0ee6c175-.lock
10 verbose tar pack [ '/home/ubuntu/.npm/routeMiddleware/1.0.0/package.tgz', './' ]
11 verbose tarball /home/ubuntu/.npm/routeMiddleware/1.0.0/package.tgz
12 verbose folder ./
13 info prepublish routeMiddleware@1.0.0
14 silly lockFile 04cb2bca-tar tar://./
15 verbose lock tar://./ /home/ubuntu/.npm/04cb2bca-tar.lock
16 silly lockFile 1fde77a1-outeMiddleware-1-0-0-package-tgz tar:///home/ubuntu/.npm/routeMiddleware/1.0.0/package.tgz
17 verbose lock tar:///home/ubuntu/.npm/routeMiddleware/1.0.0/package.tgz /home/ubuntu/.npm/1fde77a1-outeMiddleware-1-0-0-package-tgz.lock
18 silly lockFile 04cb2bca-tar tar://./
19 silly lockFile 04cb2bca-tar tar://./
20 silly lockFile 1fde77a1-outeMiddleware-1-0-0-package-tgz tar:///home/ubuntu/.npm/routeMiddleware/1.0.0/package.tgz
21 silly lockFile 1fde77a1-outeMiddleware-1-0-0-package-tgz tar:///home/ubuntu/.npm/routeMiddleware/1.0.0/package.tgz
22 silly lockFile 1af67fbe-pm-routeMiddleware-1-0-0-package /home/ubuntu/.npm/routeMiddleware/1.0.0/package
23 verbose lock /home/ubuntu/.npm/routeMiddleware/1.0.0/package /home/ubuntu/.npm/1af67fbe-pm-routeMiddleware-1-0-0-package.lock
24 silly lockFile 1af67fbe-pm-routeMiddleware-1-0-0-package /home/ubuntu/.npm/routeMiddleware/1.0.0/package
25 silly lockFile 1af67fbe-pm-routeMiddleware-1-0-0-package /home/ubuntu/.npm/routeMiddleware/1.0.0/package
26 silly lockFile 0ee6c175- ./
27 silly lockFile 0ee6c175- ./
28 silly publish { name: 'routeMiddleware',
28 silly publish   version: '1.0.0',
28 silly publish   description: 'Some route middleware for seneca users',
28 silly publish   main: 'index.js',
28 silly publish   scripts: { test: 'echo "Error: no test specified" && exit 1' },
28 silly publish   keywords: [ 'seneca', 'express' ],
28 silly publish   author: { name: 'John O\'Connor' },
28 silly publish   license: 'ISC',
28 silly publish   dependencies: { q: '^1.4.1', underscore: '^1.8.3' },
28 silly publish   gitHead: '6f8597bb2fc2552eac9d9735d8c7b91f93c3af52',
28 silly publish   readme: 'ERROR: No README data found!',
28 silly publish   _id: 'routeMiddleware@1.0.0',
28 silly publish   _shasum: '52fc8883385805a1f736f5e13ebc504937866e0a',
28 silly publish   _from: './' }
29 verbose request where is /routeMiddleware
30 verbose request registry https://registry.npmjs.org/
31 verbose request id 79f517c8ca9ade17
32 verbose url raw /routeMiddleware
33 verbose url resolving [ 'https://registry.npmjs.org/', './routeMiddleware' ]
34 verbose url resolved https://registry.npmjs.org/routeMiddleware
35 verbose request where is https://registry.npmjs.org/routeMiddleware
36 info trying registry request attempt 1 at 21:25:35
37 http PUT https://registry.npmjs.org/routeMiddleware
38 http 400 https://registry.npmjs.org/routeMiddleware
39 verbose headers { 'content-type': 'application/json',
39 verbose headers   'cache-control': 'max-age=300',
39 verbose headers   'content-length': '54',
39 verbose headers   'accept-ranges': 'bytes',
39 verbose headers   date: 'Sun, 07 Feb 2016 21:25:36 GMT',
39 verbose headers   via: '1.1 varnish',
39 verbose headers   connection: 'keep-alive',
39 verbose headers   'x-served-by': 'cache-dfw1824-DFW',
39 verbose headers   'x-cache': 'MISS',
39 verbose headers   'x-cache-hits': '0',
39 verbose headers   'x-timer': 'S1454880335.365655,VS0,VE908' }
40 error publish Failed PUT 400
41 error Error: name can no longer contain capital letters : routeMiddleware
41 error     at RegClient.<anonymous> (/home/ubuntu/.nvm/v0.10.35/lib/node_modules/npm/node_modules/npm-registry-client/lib/request.js:308:14)
41 error     at Request._callback (/home/ubuntu/.nvm/v0.10.35/lib/node_modules/npm/node_modules/npm-registry-client/lib/request.js:246:65)
41 error     at Request.self.callback (/home/ubuntu/.nvm/v0.10.35/lib/node_modules/npm/node_modules/request/request.js:236:22)
41 error     at Request.emit (events.js:98:17)
41 error     at Request.<anonymous> (/home/ubuntu/.nvm/v0.10.35/lib/node_modules/npm/node_modules/request/request.js:1142:14)
41 error     at Request.emit (events.js:117:20)
41 error     at IncomingMessage.<anonymous> (/home/ubuntu/.nvm/v0.10.35/lib/node_modules/npm/node_modules/request/request.js:1096:12)
41 error     at IncomingMessage.emit (events.js:117:20)
41 error     at _stream_readable.js:944:16
41 error     at process._tickCallback (node.js:442:13)
42 error If you need help, you may report this *entire* log,
42 error including the npm and node versions, at:
42 error     <http://github.com/npm/npm/issues>
43 error System Linux 4.2.0-c9
44 error command "/home/ubuntu/.nvm/v0.10.35/bin/node" "/home/ubuntu/.nvm/v0.10.35/bin/npm" "publish" "./"
45 error cwd /home/ubuntu/workspace/app/components/routeMiddleware
46 error node -v v0.10.35
47 error npm -v 1.4.28
48 verbose exit [ 1, true ]
